2023/04/10 05:29:40 [notice] 1#1: using the "epoll" event method
2023/04/10 05:29:40 [notice] 1#1: nginx/1.20.2
2023/04/10 05:29:40 [notice] 1#1: built by gcc 10.2.1 20210110 (Debian 10.2.1-6) 
2023/04/10 05:29:40 [notice] 1#1: OS: Linux 5.19.0-38-generic
2023/04/10 05:29:40 [notice] 1#1: getrlimit(RLIMIT_NOFILE): 1048576:1048576
2023/04/10 05:29:40 [notice] 1#1: start worker processes
2023/04/10 05:29:40 [notice] 1#1: start worker process 30
2023/04/10 05:29:40 [notice] 1#1: start worker process 31
2023/04/10 05:29:40 [notice] 1#1: start worker process 32
2023/04/10 05:29:40 [notice] 1#1: start worker process 33
2023/04/10 05:32:11 [notice] 1#1: signal 3 (SIGQUIT) received, shutting down
2023/04/10 05:32:11 [notice] 30#30: gracefully shutting down
2023/04/10 05:32:11 [notice] 31#31: gracefully shutting down
2023/04/10 05:32:11 [notice] 30#30: exiting
2023/04/10 05:32:11 [notice] 32#32: gracefully shutting down
2023/04/10 05:32:11 [notice] 31#31: exiting
2023/04/10 05:32:11 [notice] 32#32: exiting
2023/04/10 05:32:11 [notice] 30#30: exit
2023/04/10 05:32:11 [notice] 31#31: exit
2023/04/10 05:32:11 [notice] 32#32: exit
2023/04/10 05:32:11 [notice] 33#33: gracefully shutting down
2023/04/10 05:32:11 [notice] 33#33: exiting
2023/04/10 05:32:11 [notice] 33#33: exit
2023/04/10 05:32:11 [notice] 1#1: signal 17 (SIGCHLD) received from 30
2023/04/10 05:32:11 [notice] 1#1: worker process 30 exited with code 0
2023/04/10 05:32:11 [notice] 1#1: signal 29 (SIGIO) received
2023/04/10 05:32:11 [notice] 1#1: signal 17 (SIGCHLD) received from 33
2023/04/10 05:32:11 [notice] 1#1: worker process 33 exited with code 0
2023/04/10 05:32:11 [notice] 1#1: signal 29 (SIGIO) received
2023/04/10 05:32:11 [notice] 1#1: signal 17 (SIGCHLD) received from 32
2023/04/10 05:32:11 [notice] 1#1: worker process 32 exited with code 0
2023/04/10 05:32:11 [notice] 1#1: signal 29 (SIGIO) received
2023/04/10 05:32:11 [notice] 1#1: signal 17 (SIGCHLD) received from 31
2023/04/10 05:32:11 [notice] 1#1: worker process 31 exited with code 0
2023/04/10 05:32:11 [notice] 1#1: exit
2023/04/10 05:40:55 [notice] 1#1: using the "epoll" event method
2023/04/10 05:40:55 [notice] 1#1: nginx/1.20.2
2023/04/10 05:40:55 [notice] 1#1: built by gcc 10.2.1 20210110 (Debian 10.2.1-6) 
2023/04/10 05:40:55 [notice] 1#1: OS: Linux 5.19.0-38-generic
2023/04/10 05:40:55 [notice] 1#1: getrlimit(RLIMIT_NOFILE): 1048576:1048576
2023/04/10 05:40:55 [notice] 1#1: start worker processes
2023/04/10 05:40:55 [notice] 1#1: start worker process 30
2023/04/10 05:40:55 [notice] 1#1: start worker process 31
2023/04/10 05:40:55 [notice] 1#1: start worker process 32
2023/04/10 05:40:55 [notice] 1#1: start worker process 33
2023/04/10 05:41:50 [notice] 1#1: signal 3 (SIGQUIT) received, shutting down
2023/04/10 05:41:50 [notice] 30#30: gracefully shutting down
2023/04/10 05:41:50 [notice] 31#31: gracefully shutting down
2023/04/10 05:41:50 [notice] 33#33: gracefully shutting down
2023/04/10 05:41:50 [notice] 31#31: exiting
2023/04/10 05:41:50 [notice] 33#33: exiting
2023/04/10 05:41:50 [notice] 30#30: exiting
2023/04/10 05:41:50 [notice] 31#31: exit
2023/04/10 05:41:50 [notice] 33#33: exit
2023/04/10 05:41:50 [notice] 30#30: exit
2023/04/10 05:41:50 [notice] 32#32: gracefully shutting down
2023/04/10 05:41:50 [notice] 32#32: exiting
2023/04/10 05:41:50 [notice] 32#32: exit
2023/04/10 05:41:50 [notice] 1#1: signal 17 (SIGCHLD) received from 33
2023/04/10 05:41:50 [notice] 1#1: worker process 33 exited with code 0
2023/04/10 05:41:50 [notice] 1#1: signal 29 (SIGIO) received
2023/04/10 05:41:50 [notice] 1#1: signal 17 (SIGCHLD) received from 32
2023/04/10 05:41:50 [notice] 1#1: worker process 31 exited with code 0
2023/04/10 05:41:50 [notice] 1#1: worker process 32 exited with code 0
2023/04/10 05:41:50 [notice] 1#1: signal 29 (SIGIO) received
2023/04/10 05:41:50 [notice] 1#1: signal 17 (SIGCHLD) received from 30
2023/04/10 05:41:50 [notice] 1#1: worker process 30 exited with code 0
2023/04/10 05:41:50 [notice] 1#1: exit
2023/04/10 05:43:05 [notice] 1#1: using the "epoll" event method
2023/04/10 05:43:05 [notice] 1#1: nginx/1.20.2
2023/04/10 05:43:05 [notice] 1#1: built by gcc 10.2.1 20210110 (Debian 10.2.1-6) 
2023/04/10 05:43:05 [notice] 1#1: OS: Linux 5.19.0-38-generic
2023/04/10 05:43:05 [notice] 1#1: getrlimit(RLIMIT_NOFILE): 1048576:1048576
2023/04/10 05:43:05 [notice] 1#1: start worker processes
2023/04/10 05:43:05 [notice] 1#1: start worker process 30
2023/04/10 05:43:05 [notice] 1#1: start worker process 31
2023/04/10 05:43:05 [notice] 1#1: start worker process 32
2023/04/10 05:43:05 [notice] 1#1: start worker process 33
2023/04/10 05:43:45 [notice] 1#1: signal 3 (SIGQUIT) received, shutting down
2023/04/10 05:43:45 [notice] 30#30: gracefully shutting down
2023/04/10 05:43:45 [notice] 32#32: gracefully shutting down
2023/04/10 05:43:45 [notice] 31#31: gracefully shutting down
2023/04/10 05:43:45 [notice] 32#32: exiting
2023/04/10 05:43:45 [notice] 31#31: exiting
2023/04/10 05:43:45 [notice] 30#30: exiting
2023/04/10 05:43:45 [notice] 32#32: exit
2023/04/10 05:43:45 [notice] 31#31: exit
2023/04/10 05:43:45 [notice] 30#30: exit
2023/04/10 05:43:45 [notice] 33#33: gracefully shutting down
2023/04/10 05:43:45 [notice] 33#33: exiting
2023/04/10 05:43:45 [notice] 33#33: exit
2023/04/10 05:43:45 [notice] 1#1: signal 17 (SIGCHLD) received from 30
2023/04/10 05:43:45 [notice] 1#1: worker process 30 exited with code 0
2023/04/10 05:43:45 [notice] 1#1: signal 29 (SIGIO) received
2023/04/10 05:43:45 [notice] 1#1: signal 17 (SIGCHLD) received from 31
2023/04/10 05:43:45 [notice] 1#1: worker process 31 exited with code 0
2023/04/10 05:43:45 [notice] 1#1: worker process 33 exited with code 0
2023/04/10 05:43:45 [notice] 1#1: signal 29 (SIGIO) received
2023/04/10 05:43:45 [notice] 1#1: signal 17 (SIGCHLD) received from 32
2023/04/10 05:43:45 [notice] 1#1: worker process 32 exited with code 0
2023/04/10 05:43:45 [notice] 1#1: exit
2023/04/10 05:44:28 [notice] 1#1: using the "epoll" event method
2023/04/10 05:44:28 [notice] 1#1: nginx/1.20.2
2023/04/10 05:44:28 [notice] 1#1: built by gcc 10.2.1 20210110 (Debian 10.2.1-6) 
2023/04/10 05:44:28 [notice] 1#1: OS: Linux 5.19.0-38-generic
2023/04/10 05:44:28 [notice] 1#1: getrlimit(RLIMIT_NOFILE): 1048576:1048576
2023/04/10 05:44:28 [notice] 1#1: start worker processes
2023/04/10 05:44:28 [notice] 1#1: start worker process 30
2023/04/10 05:44:28 [notice] 1#1: start worker process 31
2023/04/10 05:44:28 [notice] 1#1: start worker process 32
2023/04/10 05:44:28 [notice] 1#1: start worker process 33
2023/04/10 05:47:32 [notice] 1#1: signal 3 (SIGQUIT) received, shutting down
2023/04/10 05:47:32 [notice] 30#30: gracefully shutting down
2023/04/10 05:47:32 [notice] 31#31: gracefully shutting down
2023/04/10 05:47:32 [notice] 33#33: gracefully shutting down
2023/04/10 05:47:32 [notice] 30#30: exiting
2023/04/10 05:47:32 [notice] 31#31: exiting
2023/04/10 05:47:32 [notice] 33#33: exiting
2023/04/10 05:47:32 [notice] 30#30: exit
2023/04/10 05:47:32 [notice] 31#31: exit
2023/04/10 05:47:32 [notice] 33#33: exit
2023/04/10 05:47:32 [notice] 32#32: gracefully shutting down
2023/04/10 05:47:32 [notice] 32#32: exiting
2023/04/10 05:47:32 [notice] 32#32: exit
2023/04/10 05:47:32 [notice] 1#1: signal 17 (SIGCHLD) received from 31
2023/04/10 05:47:32 [notice] 1#1: worker process 31 exited with code 0
2023/04/10 05:47:32 [notice] 1#1: signal 29 (SIGIO) received
2023/04/10 05:47:32 [notice] 1#1: signal 17 (SIGCHLD) received from 32
2023/04/10 05:47:32 [notice] 1#1: worker process 32 exited with code 0
2023/04/10 05:47:32 [notice] 1#1: signal 29 (SIGIO) received
2023/04/10 05:47:32 [notice] 1#1: signal 17 (SIGCHLD) received from 30
2023/04/10 05:47:32 [notice] 1#1: worker process 30 exited with code 0
2023/04/10 05:47:32 [notice] 1#1: signal 29 (SIGIO) received
2023/04/10 05:47:32 [notice] 1#1: signal 17 (SIGCHLD) received from 33
2023/04/10 05:47:32 [notice] 1#1: worker process 33 exited with code 0
2023/04/10 05:47:32 [notice] 1#1: exit
2023/04/10 05:47:37 [notice] 1#1: using the "epoll" event method
2023/04/10 05:47:37 [notice] 1#1: nginx/1.20.2
2023/04/10 05:47:37 [notice] 1#1: built by gcc 10.2.1 20210110 (Debian 10.2.1-6) 
2023/04/10 05:47:37 [notice] 1#1: OS: Linux 5.19.0-38-generic
2023/04/10 05:47:37 [notice] 1#1: getrlimit(RLIMIT_NOFILE): 1048576:1048576
2023/04/10 05:47:37 [notice] 1#1: start worker processes
2023/04/10 05:47:37 [notice] 1#1: start worker process 30
2023/04/10 05:47:37 [notice] 1#1: start worker process 31
2023/04/10 05:47:37 [notice] 1#1: start worker process 32
2023/04/10 05:47:37 [notice] 1#1: start worker process 33
2023/04/10 05:47:43 [error] 30#30: *1 open() "/var/www/html/favicon.ico" failed (2: No such file or directory), client: 172.20.0.1, server: , request: "GET /favicon.ico HTTP/1.1", host: "localhost", referrer: "http://localhost/"
2023/04/10 05:48:56 [notice] 1#1: signal 3 (SIGQUIT) received, shutting down
2023/04/10 05:48:56 [notice] 32#32: gracefully shutting down
2023/04/10 05:48:56 [notice] 30#30: gracefully shutting down
2023/04/10 05:48:56 [notice] 31#31: gracefully shutting down
2023/04/10 05:48:56 [notice] 32#32: exiting
2023/04/10 05:48:56 [notice] 31#31: exiting
2023/04/10 05:48:56 [notice] 32#32: exit
2023/04/10 05:48:56 [notice] 31#31: exit
2023/04/10 05:48:56 [notice] 30#30: exiting
2023/04/10 05:48:56 [notice] 30#30: exit
2023/04/10 05:48:56 [notice] 33#33: gracefully shutting down
2023/04/10 05:48:56 [notice] 33#33: exiting
2023/04/10 05:48:56 [notice] 33#33: exit
2023/04/10 05:48:56 [notice] 1#1: signal 17 (SIGCHLD) received from 33
2023/04/10 05:48:56 [notice] 1#1: worker process 30 exited with code 0
2023/04/10 05:48:56 [notice] 1#1: worker process 31 exited with code 0
2023/04/10 05:48:56 [notice] 1#1: worker process 32 exited with code 0
2023/04/10 05:48:56 [notice] 1#1: worker process 33 exited with code 0
2023/04/10 05:48:56 [notice] 1#1: exit
2023/04/10 05:49:13 [notice] 1#1: using the "epoll" event method
2023/04/10 05:49:13 [notice] 1#1: nginx/1.20.2
2023/04/10 05:49:13 [notice] 1#1: built by gcc 10.2.1 20210110 (Debian 10.2.1-6) 
2023/04/10 05:49:13 [notice] 1#1: OS: Linux 5.19.0-38-generic
2023/04/10 05:49:13 [notice] 1#1: getrlimit(RLIMIT_NOFILE): 1048576:1048576
2023/04/10 05:49:13 [notice] 1#1: start worker processes
2023/04/10 05:49:13 [notice] 1#1: start worker process 31
2023/04/10 05:49:13 [notice] 1#1: start worker process 32
2023/04/10 05:49:13 [notice] 1#1: start worker process 33
2023/04/10 05:49:13 [notice] 1#1: start worker process 34
2023/04/10 06:24:01 [notice] 1#1: signal 3 (SIGQUIT) received, shutting down
2023/04/10 06:24:01 [notice] 31#31: gracefully shutting down
2023/04/10 06:24:01 [notice] 32#32: gracefully shutting down
2023/04/10 06:24:01 [notice] 33#33: gracefully shutting down
2023/04/10 06:24:01 [notice] 32#32: exiting
2023/04/10 06:24:01 [notice] 33#33: exiting
2023/04/10 06:24:01 [notice] 31#31: exiting
2023/04/10 06:24:01 [notice] 32#32: exit
2023/04/10 06:24:01 [notice] 33#33: exit
2023/04/10 06:24:01 [notice] 31#31: exit
2023/04/10 06:24:01 [notice] 34#34: gracefully shutting down
2023/04/10 06:24:01 [notice] 34#34: exiting
2023/04/10 06:24:01 [notice] 34#34: exit
2023/04/10 06:24:01 [notice] 1#1: signal 17 (SIGCHLD) received from 32
2023/04/10 06:24:01 [notice] 1#1: worker process 31 exited with code 0
2023/04/10 06:24:01 [notice] 1#1: worker process 32 exited with code 0
2023/04/10 06:24:01 [notice] 1#1: signal 29 (SIGIO) received
2023/04/10 06:24:01 [notice] 1#1: signal 17 (SIGCHLD) received from 31
2023/04/10 06:24:01 [notice] 1#1: signal 17 (SIGCHLD) received from 33
2023/04/10 06:24:01 [notice] 1#1: worker process 33 exited with code 0
2023/04/10 06:24:01 [notice] 1#1: worker process 34 exited with code 0
2023/04/10 06:24:01 [notice] 1#1: exit
